<?xml version="1.0" encoding="UTF-8"?>
<testsuite xmlns:xsi="http://www.w3.org/2001/XMLSchema-instance" xsi:noNamespaceSchemaLocation="https://maven.apache.org/surefire/maven-surefire-plugin/xsd/surefire-test-report-3.0.xsd" version="3.0" name="TestSuite" time="62.397" tests="1" errors="0" skipped="0" failures="0">
  <properties>
[...]
</properties>
  <testcase name="runScenario[&quot;Ebebek senaryosu&quot;, &quot;Ebebek odevi&quot;](1)" classname="runner.RunnerTestNG" time="60.524">
    <system-out><![CDATA[
@ebebek
Scenario: Ebebek senaryosu                &amp#27;[90m# src/test/resources/features/Ebebek.feature:4&amp#27;[0m
  &amp#27;[32mGiven &amp#27;[0m&amp#27;[32mEbebek baslat&amp#27;[0m                     &amp#27;[90m# steps.Ebebek.testiBaslat()&amp#27;[0m
  &amp#27;[32mAnd &amp#27;[0m&amp#27;[32mKategoriler tÄ±klanÄ±r&amp#27;[0m                &amp#27;[90m# steps.Ebebek.kategorilerTÄ±klanÄ±r()&amp#27;[0m
  &amp#27;[32mAnd &amp#27;[0m&amp#27;[32mGiyim Tekstil kategorisi tÄ±klanÄ±r&amp#27;[0m   &amp#27;[90m# steps.Ebebek.giyimTekstilKategorisiTÄ±klanÄ±r()&amp#27;[0m
  &amp#27;[32mAnd &amp#27;[0m&amp#27;[32mBebek Giyim kategorisi tÄ±klanÄ±r&amp#27;[0m     &amp#27;[90m# steps.Ebebek.bebekgiyimkategorisitÄ±klanÄ±r()&amp#27;[0m
  &amp#27;[32mAnd &amp#27;[0m&amp#27;[32mFiltreler tÄ±klanÄ±r&amp#27;[0m                  &amp#27;[90m# steps.Ebebek.filtrelerTÄ±klanÄ±r()&amp#27;[0m
  &amp#27;[32mAnd &amp#27;[0m&amp#27;[32mFiyat AralÄ±ÄŸÄ± tÄ±klanÄ±r&amp#27;[0m              &amp#27;[90m# steps.Ebebek.fiyatAralÄ±ÄŸÄ±TÄ±klanÄ±r()&amp#27;[0m
  &amp#27;[32mAnd &amp#27;[0m&amp#27;[32m50 - 100 aralÄ±ÄŸÄ± seÃ§ilir&amp#27;[0m            &amp#27;[90m# steps.Ebebek.araligisecilir()&amp#27;[0m
  &amp#27;[32mAnd &amp#27;[0m&amp#27;[32mUygula tÄ±klanÄ±r&amp#27;[0m                     &amp#27;[90m# steps.Ebebek.uygulaTÄ±klanÄ±r()&amp#27;[0m
  &amp#27;[32mAnd &amp#27;[0m&amp#27;[32mFiltrele tÄ±klanÄ±r&amp#27;[0m                   &amp#27;[90m# steps.Ebebek.filtreleTÄ±klanÄ±r()&amp#27;[0m
  &amp#27;[32mAnd &amp#27;[0m&amp#27;[32mStoktakiler tÄ±klanÄ±r&amp#27;[0m                &amp#27;[90m# steps.Ebebek.stoktakilerTÄ±klanÄ±r()&amp#27;[0m
  &amp#27;[32mAnd &amp#27;[0m&amp#27;[32mUygula tÄ±klanÄ±r&amp#27;[0m                     &amp#27;[90m# steps.Ebebek.uygulaTÄ±klanÄ±r()&amp#27;[0m
  &amp#27;[32mAnd &amp#27;[0m&amp#27;[32mÃœrÃ¼nleri GÃ¶r tÄ±klanÄ±r&amp#27;[0m               &amp#27;[90m# steps.Ebebek.Ã¼rÃ¼nleriGÃ¶rTÄ±klanÄ±r()&amp#27;[0m
  &amp#27;[32mAnd &amp#27;[0m&amp#27;[32mSÄ±ralama tÄ±klanÄ±r&amp#27;[0m                   &amp#27;[90m# steps.Ebebek.sÄ±ralamaTÄ±klanÄ±r()&amp#27;[0m
  &amp#27;[32mAnd &amp#27;[0m&amp#27;[32mEn yÃ¼ksek fiyata gÃ¶re tÄ±klanÄ±r&amp#27;[0m      &amp#27;[90m# steps.Ebebek.enYÃ¼ksekFiyataGÃ¶reTÄ±klanÄ±r()&amp#27;[0m
  &amp#27;[32mAnd &amp#27;[0m&amp#27;[32mÃœrÃ¼n iÃ§in sepete ekle tÄ±klanÄ±r&amp#27;[0m      &amp#27;[90m# steps.Ebebek.Ã¼rÃ¼nIÃ§inSepeteEkleTÄ±klanÄ±r()&amp#27;[0m
  &amp#27;[32mAnd &amp#27;[0m&amp#27;[32mÃœrÃ¼n detayÄ±nda Sepete Ekle tÄ±klanÄ±r&amp#27;[0m &amp#27;[90m# steps.Ebebek.Ã¼rÃ¼nDetayÄ±ndaSepeteEkleTÄ±klanÄ±r()&amp#27;[0m
  &amp#27;[32mAnd &amp#27;[0m&amp#27;[32mSepetim tÄ±klanÄ±r&amp#27;[0m                    &amp#27;[90m# steps.Ebebek.sepetimTÄ±klanÄ±r()&amp#27;[0m
Doğru Tutar: 99.99 x 2 = 199.98
  &amp#27;[32mAnd &amp#27;[0m&amp#27;[32mMiktar artÄ±rÄ±lÄ±r&amp#27;[0m                    &amp#27;[90m# steps.Ebebek.miktarartirilir()&amp#27;[0m
  &amp#27;[32mAnd &amp#27;[0m&amp#27;[32mAlÄ±ÅŸveriÅŸi Tamamla tÄ±klanÄ±r&amp#27;[0m         &amp#27;[90m# steps.Ebebek.alÄ±ÅŸveriÅŸiTamamlaTÄ±klanÄ±r()&amp#27;[0m
  &amp#27;[32mThen &amp#27;[0m&amp#27;[32mEbebek kapat&amp#27;[0m                       &amp#27;[90m# steps.Ebebek.ebebekKapat()&amp#27;[0m
]]></system-out>
    <system-err><![CDATA[SLF4J: No SLF4J providers were found.
SLF4J: Defaulting to no-operation (NOP) logger implementation
SLF4J: See https://www.slf4j.org/codes.html#noProviders for further details.
]]></system-err>
  </testcase>
</testsuite>